c:\users\bit\desktop\api\0830\0830\debug\vc141.pdb
c:\users\bit\desktop\api\0830\0830\debug\vc141.idb
c:\users\bit\desktop\api\0830\0830\debug\ui.obj
c:\users\bit\desktop\api\0830\0830\debug\start.obj
c:\users\bit\desktop\api\0830\0830\debug\member.obj
c:\users\bit\desktop\api\0830\0830\debug\insertproc.obj
c:\users\bit\desktop\api\0830\0830\debug\handler.obj
c:\users\bit\desktop\api\0830\debug\0830.exe
c:\users\bit\desktop\api\0830\debug\0830.ilk
c:\users\bit\desktop\api\0830\debug\0830.pdb
c:\users\bit\desktop\api\0830\0830\debug\0830.res
c:\users\bit\desktop\api\0830\0830\debug\0830.tlog\cl.command.1.tlog
c:\users\bit\desktop\api\0830\0830\debug\0830.tlog\cl.read.1.tlog
c:\users\bit\desktop\api\0830\0830\debug\0830.tlog\cl.write.1.tlog
c:\users\bit\desktop\api\0830\0830\debug\0830.tlog\link.command.1.tlog
c:\users\bit\desktop\api\0830\0830\debug\0830.tlog\link.read.1.tlog
c:\users\bit\desktop\api\0830\0830\debug\0830.tlog\link.write.1.tlog
c:\users\bit\desktop\api\0830\0830\debug\0830.tlog\rc.command.1.tlog
c:\users\bit\desktop\api\0830\0830\debug\0830.tlog\rc.read.1.tlog
c:\users\bit\desktop\api\0830\0830\debug\0830.tlog\rc.write.1.tlog
