c:\users\bit\desktop\network\sample\sample\debug\vc141.pdb
c:\users\bit\desktop\network\sample\sample\debug\vc141.idb
c:\users\bit\desktop\network\sample\sample\debug\server.obj
c:\users\bit\desktop\network\sample\sample\debug\client.obj
c:\users\bit\desktop\network\0902\sample\debug\vc141.pdb
c:\users\bit\desktop\network\0902\sample\debug\vc141.idb
c:\users\bit\desktop\network\0902\sample\debug\client.obj
c:\users\bit\desktop\network\sample\debug\sample.exe
c:\users\bit\desktop\network\sample\debug\sample.ilk
c:\users\bit\desktop\network\sample\debug\sample.pdb
c:\users\bit\desktop\network\0902\debug\sample.exe
c:\users\bit\desktop\network\0902\debug\sample.ilk
c:\users\bit\desktop\network\0902\debug\sample.pdb
c:\users\bit\desktop\network\0902\sample\debug\server.obj
c:\users\bit\desktop\network\0902\sample\debug\sample.tlog\cl.command.1.tlog
c:\users\bit\desktop\network\0902\sample\debug\sample.tlog\cl.read.1.tlog
c:\users\bit\desktop\network\0902\sample\debug\sample.tlog\cl.write.1.tlog
c:\users\bit\desktop\network\0902\sample\debug\sample.tlog\link.command.1.tlog
c:\users\bit\desktop\network\0902\sample\debug\sample.tlog\link.read.1.tlog
c:\users\bit\desktop\network\0902\sample\debug\sample.tlog\link.write.1.tlog
