c:\users\bit\desktop\api\0905t\0905t\debug\vc141.pdb
c:\users\bit\desktop\api\0905t\0905t\debug\vc141.idb
c:\users\bit\desktop\api\0905t\0905t\debug\wbclient.obj
c:\users\bit\desktop\api\0905t\0905t\debug\ui.obj
c:\users\bit\desktop\api\0905t\0905t\debug\start.obj
c:\users\bit\desktop\api\0905t\0905t\debug\packet.obj
c:\users\bit\desktop\api\0905t\0905t\debug\insertproc2.obj
c:\users\bit\desktop\api\0905t\0905t\debug\insertproc.obj
c:\users\bit\desktop\api\0905t\0905t\debug\handler.obj
c:\users\bit\desktop\api\0905t\0905t\debug\0905t.res
c:\users\bit\desktop\api\0905t\debug\0905t.pdb
c:\users\bit\desktop\api\0905t\0905t\debug\0905t.tlog\cl.command.1.tlog
c:\users\bit\desktop\api\0905t\0905t\debug\0905t.tlog\cl.read.1.tlog
c:\users\bit\desktop\api\0905t\0905t\debug\0905t.tlog\cl.write.1.tlog
c:\users\bit\desktop\api\0905t\0905t\debug\0905t.tlog\link-cvtres.read.1.tlog
c:\users\bit\desktop\api\0905t\0905t\debug\0905t.tlog\link-cvtres.write.1.tlog
c:\users\bit\desktop\api\0905t\0905t\debug\0905t.tlog\link-rc.read.1.tlog
c:\users\bit\desktop\api\0905t\0905t\debug\0905t.tlog\link-rc.write.1.tlog
c:\users\bit\desktop\api\0905t\0905t\debug\0905t.tlog\link.command.1.tlog
c:\users\bit\desktop\api\0905t\0905t\debug\0905t.tlog\link.read.1.tlog
c:\users\bit\desktop\api\0905t\0905t\debug\0905t.tlog\link.write.1.tlog
c:\users\bit\desktop\api\0905t\0905t\debug\0905t.tlog\rc.command.1.tlog
c:\users\bit\desktop\api\0905t\0905t\debug\0905t.tlog\rc.read.1.tlog
c:\users\bit\desktop\api\0905t\0905t\debug\0905t.tlog\rc.write.1.tlog
