c:\users\bit\desktop\network\0904\0904\debug\vc141.pdb
c:\users\bit\desktop\network\0904\0904\debug\vc141.idb
c:\users\bit\desktop\network\0904\0904\debug\ui.obj
c:\users\bit\desktop\network\0904\0904\debug\start.obj
c:\users\bit\desktop\network\0904\0904\debug\packet.obj
c:\users\bit\desktop\network\0904\0904\debug\handler.obj
c:\users\bit\desktop\network\0904\0904\debug\wbclient.obj
c:\users\bit\desktop\network\0904\0904\debug\0904.res
c:\users\bit\desktop\network\0904\debug\0904.pdb
c:\users\bit\desktop\network\0904\0904\debug\0904.tlog\cl.command.1.tlog
c:\users\bit\desktop\network\0904\0904\debug\0904.tlog\cl.read.1.tlog
c:\users\bit\desktop\network\0904\0904\debug\0904.tlog\cl.write.1.tlog
c:\users\bit\desktop\network\0904\0904\debug\0904.tlog\link.6724-cvtres.read.1.tlog
c:\users\bit\desktop\network\0904\0904\debug\0904.tlog\link.6724-cvtres.write.1.tlog
c:\users\bit\desktop\network\0904\0904\debug\0904.tlog\link.6724-rc.read.1.tlog
c:\users\bit\desktop\network\0904\0904\debug\0904.tlog\link.6724-rc.write.1.tlog
c:\users\bit\desktop\network\0904\0904\debug\0904.tlog\link.6724.read.1.tlog
c:\users\bit\desktop\network\0904\0904\debug\0904.tlog\link.6724.write.1.tlog
c:\users\bit\desktop\network\0904\0904\debug\0904.tlog\link.command.1.tlog
c:\users\bit\desktop\network\0904\0904\debug\0904.tlog\link.read.1.tlog
c:\users\bit\desktop\network\0904\0904\debug\0904.tlog\link.write.1.tlog
c:\users\bit\desktop\network\0904\0904\debug\0904.tlog\rc.command.1.tlog
c:\users\bit\desktop\network\0904\0904\debug\0904.tlog\rc.read.1.tlog
c:\users\bit\desktop\network\0904\0904\debug\0904.tlog\rc.write.1.tlog
