c:\users\bit\desktop\network\0903_2\0903_2\debug\vc141.pdb
c:\users\bit\desktop\network\0903_2\0903_2\debug\vc141.idb
c:\users\bit\desktop\network\0903_2\0903_2\debug\client.obj
c:\users\bit\desktop\network\0903_2\0903_2\debug\wbclient.obj
c:\users\bit\desktop\network\0903_2\debug\0903_2.exe
c:\users\bit\desktop\network\0903_2\debug\0903_2.ilk
c:\users\bit\desktop\network\0903_2\debug\0903_2.pdb
c:\users\bit\desktop\network\0903 클라이언트\0903_2\debug\client.obj
c:\users\bit\desktop\network\0903 클라이언트\0903_2\debug\wbclient.obj
c:\users\bit\desktop\network\0903 클라이언트\0903_2\debug\vc141.idb
c:\users\bit\desktop\network\0903 클라이언트\0903_2\debug\vc141.pdb
c:\users\bit\desktop\network\0903 클라이언트\debug\0903_2.pdb
c:\users\bit\desktop\network\0903 클라이언트\debug\0903_2.exe
c:\users\bit\desktop\network\0903 클라이언트\debug\0903_2.ilk
c:\users\bit\desktop\network\0903 클라이언트\0903_2\debug\0903_2.tlog\cl.command.1.tlog
c:\users\bit\desktop\network\0903 클라이언트\0903_2\debug\0903_2.tlog\cl.read.1.tlog
c:\users\bit\desktop\network\0903 클라이언트\0903_2\debug\0903_2.tlog\cl.write.1.tlog
c:\users\bit\desktop\network\0903 클라이언트\0903_2\debug\0903_2.tlog\link.command.1.tlog
c:\users\bit\desktop\network\0903 클라이언트\0903_2\debug\0903_2.tlog\link.read.1.tlog
c:\users\bit\desktop\network\0903 클라이언트\0903_2\debug\0903_2.tlog\link.write.1.tlog
