c:\users\bit\desktop\api\0902t\0902t\debug\vc141.pdb
c:\users\bit\desktop\api\0902t\0902t\debug\vc141.idb
c:\users\bit\desktop\api\0902t\0902t\debug\start.obj
c:\users\bit\desktop\api\0902t\0902t\debug\shape.obj
c:\users\bit\desktop\api\0902t\0902t\debug\handler.obj
c:\users\bit\desktop\api\0902t\0902t\debug\optproc.obj
c:\users\bit\desktop\api\0902t\0902t\debug\0902t.res
c:\users\bit\desktop\api\0902t\debug\0902t.pdb
c:\users\bit\desktop\api\0902t\0902t\debug\0902t.tlog\cl.command.1.tlog
c:\users\bit\desktop\api\0902t\0902t\debug\0902t.tlog\cl.read.1.tlog
c:\users\bit\desktop\api\0902t\0902t\debug\0902t.tlog\cl.write.1.tlog
c:\users\bit\desktop\api\0902t\0902t\debug\0902t.tlog\link.6524-cvtres.read.1.tlog
c:\users\bit\desktop\api\0902t\0902t\debug\0902t.tlog\link.6524-cvtres.write.1.tlog
c:\users\bit\desktop\api\0902t\0902t\debug\0902t.tlog\link.6524-rc.read.1.tlog
c:\users\bit\desktop\api\0902t\0902t\debug\0902t.tlog\link.6524-rc.write.1.tlog
c:\users\bit\desktop\api\0902t\0902t\debug\0902t.tlog\link.6524.read.1.tlog
c:\users\bit\desktop\api\0902t\0902t\debug\0902t.tlog\link.6524.write.1.tlog
c:\users\bit\desktop\api\0902t\0902t\debug\0902t.tlog\link.command.1.tlog
c:\users\bit\desktop\api\0902t\0902t\debug\0902t.tlog\link.read.1.tlog
c:\users\bit\desktop\api\0902t\0902t\debug\0902t.tlog\link.write.1.tlog
c:\users\bit\desktop\api\0902t\0902t\debug\0902t.tlog\rc.command.1.tlog
c:\users\bit\desktop\api\0902t\0902t\debug\0902t.tlog\rc.read.1.tlog
c:\users\bit\desktop\api\0902t\0902t\debug\0902t.tlog\rc.write.1.tlog
